<?xml version="1.0" encoding="UTF-8"?>
<coverage generated="1593857878">
  <project timestamp="1593857878">
    <package name="Mqwerty\ServiceManager">
      <file name="/app/src/Manager.php">
        <class name="Mqwerty\ServiceManager\Manager" namespace="Mqwerty\ServiceManager">
          <metrics complexity="15" methods="4" coveredmethods="4" conditionals="0" coveredconditionals="0" statements="31" coveredstatements="31" elements="35" coveredelements="35"/>
        </class>
        <line num="13" type="method" name="__construct" visibility="public" complexity="2" crap="2" count="9"/>
        <line num="15" type="stmt" count="9"/>
        <line num="17" type="stmt" count="9"/>
        <line num="22" type="stmt" count="9"/>
        <line num="23" type="stmt" count="1"/>
        <line num="25" type="stmt" count="9"/>
        <line num="27" type="method" name="has" visibility="public" complexity="2" crap="2" count="2"/>
        <line num="29" type="stmt" count="2"/>
        <line num="37" type="method" name="get" visibility="public" complexity="6" crap="6" count="6"/>
        <line num="39" type="stmt" count="6"/>
        <line num="40" type="stmt" count="4"/>
        <line num="41" type="stmt" count="1"/>
        <line num="43" type="stmt" count="3"/>
        <line num="44" type="stmt" count="1"/>
        <line num="46" type="stmt" count="3"/>
        <line num="47" type="stmt" count="1"/>
        <line num="48" type="stmt" count="1"/>
        <line num="50" type="stmt" count="2"/>
        <line num="53" type="stmt" count="3"/>
        <line num="54" type="stmt" count="2"/>
        <line num="57" type="stmt" count="1"/>
        <line num="65" type="method" name="autowire" visibility="private" complexity="5" crap="5" count="2"/>
        <line num="68" type="stmt" count="2"/>
        <line num="69" type="stmt" count="2"/>
        <line num="70" type="stmt" count="2"/>
        <line num="71" type="stmt" count="2"/>
        <line num="72" type="stmt" count="2"/>
        <line num="73" type="stmt" count="2"/>
        <line num="74" type="stmt" count="2"/>
        <line num="76" type="stmt" count="1"/>
        <line num="78" type="stmt" count="2"/>
        <line num="79" type="stmt" count="2"/>
        <line num="80" type="stmt" count="1"/>
        <line num="82" type="stmt" count="1"/>
        <line num="86" type="stmt" count="1"/>
        <metrics loc="88" ncloc="77" classes="1" methods="4" coveredmethods="4" conditionals="0" coveredconditionals="0" statements="31" coveredstatements="31" elements="35" coveredelements="35"/>
      </file>
      <file name="/app/src/NotFoundException.php">
        <class name="Mqwerty\ServiceManager\NotFoundException" namespace="Mqwerty\ServiceManager">
          <metrics complexity="0" methods="0" coveredmethods="0" conditionals="0" coveredconditionals="0" statements="0" coveredstatements="0" elements="0" coveredelements="0"/>
        </class>
        <metrics loc="10" ncloc="10" classes="0" methods="0" coveredmethods="0" conditionals="0" coveredconditionals="0" statements="0" coveredstatements="0" elements="0" coveredelements="0"/>
      </file>
    </package>
    <metrics files="2" loc="98" ncloc="87" classes="1" methods="4" coveredmethods="4" conditionals="0" coveredconditionals="0" statements="31" coveredstatements="31" elements="35" coveredelements="35"/>
  </project>
</coverage>
